<?xml version="1.0" encoding="UTF-8"?>
<!-- Generated by org.testng.reporters.JUnitXMLReporter -->
<testsuite ignored="0" hostname="LAPTOP-J5UHSGER" failures="0" tests="3" name="Default test" time="53.775" errors="0" timestamp="2024-08-03T13:10:19 IST">
  <testcase classname="SeleniumPractice.SeleniumPractice.StaleElementExceptionHandling" name="test_ByTagName" time="0.554"/>
  <testcase classname="SeleniumPractice.SeleniumPractice.StaleElementExceptionHandling" name="test_findElements" time="0.258"/>
  <testcase classname="SeleniumPractice.SeleniumPractice.StaleElementExceptionHandling" name="test_staleElementException" time="28.036"/>
</testsuite> <!-- Default test -->
