<?xml version="1.0" encoding="UTF-8"?>
<testng-results ignored="0" total="3" passed="3" failed="0" skipped="0">
  <reporter-output>
  </reporter-output>
  <suite started-at="2024-08-03T13:09:25 IST" name="Default suite" finished-at="2024-08-03T13:10:19 IST" duration-ms="53775">
    <groups>
    </groups>
    <test started-at="2024-08-03T13:09:25 IST" name="Default test" finished-at="2024-08-03T13:10:19 IST" duration-ms="53775">
      <class name="SeleniumPractice.SeleniumPractice.StaleElementExceptionHandling">
        <test-method is-config="true" signature="setup()[pri:0, instance:SeleniumPractice.SeleniumPractice.StaleElementExceptionHandling@5562c41e]" started-at="2024-08-03T13:09:26 IST" name="setup" finished-at="2024-08-03T13:09:35 IST" duration-ms="9846" status="PASS">
          <reporter-output>
          </reporter-output>
        </test-method> <!-- setup -->
        <test-method signature="test_ByTagName()[pri:0, instance:SeleniumPractice.SeleniumPractice.StaleElementExceptionHandling@5562c41e]" started-at="2024-08-03T13:09:35 IST" name="test_ByTagName" finished-at="2024-08-03T13:09:36 IST" duration-ms="554" status="PASS">
          <reporter-output>
          </reporter-output>
        </test-method> <!-- test_ByTagName -->
        <test-method is-config="true" signature="setup()[pri:0, instance:SeleniumPractice.SeleniumPractice.StaleElementExceptionHandling@5562c41e]" started-at="2024-08-03T13:09:36 IST" name="setup" finished-at="2024-08-03T13:09:42 IST" duration-ms="6468" status="PASS">
          <reporter-output>
          </reporter-output>
        </test-method> <!-- setup -->
        <test-method signature="test_findElements()[pri:0, instance:SeleniumPractice.SeleniumPractice.StaleElementExceptionHandling@5562c41e]" started-at="2024-08-03T13:09:42 IST" name="test_findElements" finished-at="2024-08-03T13:09:43 IST" duration-ms="258" status="PASS">
          <reporter-output>
          </reporter-output>
        </test-method> <!-- test_findElements -->
        <test-method is-config="true" signature="setup()[pri:0, instance:SeleniumPractice.SeleniumPractice.StaleElementExceptionHandling@5562c41e]" started-at="2024-08-03T13:09:43 IST" name="setup" finished-at="2024-08-03T13:09:51 IST" duration-ms="8556" status="PASS">
          <reporter-output>
          </reporter-output>
        </test-method> <!-- setup -->
        <test-method signature="test_staleElementException()[pri:0, instance:SeleniumPractice.SeleniumPractice.StaleElementExceptionHandling@5562c41e]" started-at="2024-08-03T13:09:51 IST" name="test_staleElementException" finished-at="2024-08-03T13:10:19 IST" duration-ms="28036" status="PASS">
          <reporter-output>
          </reporter-output>
        </test-method> <!-- test_staleElementException -->
      </class> <!-- SeleniumPractice.SeleniumPractice.StaleElementExceptionHandling -->
    </test> <!-- Default test -->
  </suite> <!-- Default suite -->
</testng-results>
